<?xml version="1.0" encoding="UTF-8"?>
<testsuite xmlns:xsi="http://www.w3.org/2001/XMLSchema-instance" xsi:noNamespaceSchemaLocation="https://maven.apache.org/surefire/maven-surefire-plugin/xsd/surefire-test-report.xsd" version="3.0.1" name="com.nit.AppTest" time="0.163" tests="4" errors="0" skipped="0" failures="0">
  <properties>
[...]
</properties>
  <testcase name="testSumWithMixedValues" classname="com.nit.AppTest" time="0.076"/>
  <testcase name="testSumWithPositives" classname="com.nit.AppTest" time="0.005"/>
  <testcase name="testSumWithNegatives" classname="com.nit.AppTest" time="0.002"/>
  <testcase name="testSumWithZeros" classname="com.nit.AppTest" time="0.002"/>
</testsuite>